<?xml version="1.0" encoding="UTF-8"?>
<testng-results skipped="0" failed="0" total="1" passed="1">
  <reporter-output>
  </reporter-output>
  <suite name="Default suite" duration-ms="56001" started-at="2016-08-10T12:54:54Z" finished-at="2016-08-10T12:55:50Z">
    <groups>
    </groups>
    <test name="Default test" duration-ms="56001" started-at="2016-08-10T12:54:54Z" finished-at="2016-08-10T12:55:50Z">
      <class name="Tolexo.AppiumAndroid.HomeTest">
        <test-method status="PASS" signature="beforeclass()[pri:0, instance:Tolexo.AppiumAndroid.HomeTest@1554909b]" name="beforeclass" is-config="true" duration-ms="13491" started-at="2016-08-10T18:24:54Z" finished-at="2016-08-10T18:25:08Z">
          <reporter-output>
          </reporter-output>
        </test-method> <!-- beforeclass -->
        <test-method status="PASS" signature="sprint1_HotDeals()[pri:0, instance:Tolexo.AppiumAndroid.HomeTest@1554909b]" name="sprint1_HotDeals" duration-ms="41937" started-at="2016-08-10T18:25:08Z" finished-at="2016-08-10T18:25:50Z">
          <reporter-output>
          </reporter-output>
        </test-method> <!-- sprint1_HotDeals -->
        <test-method status="PASS" signature="quit()[pri:0, instance:Tolexo.AppiumAndroid.HomeTest@1554909b]" name="quit" is-config="true" duration-ms="558" started-at="2016-08-10T18:25:50Z" finished-at="2016-08-10T18:25:50Z">
          <reporter-output>
          </reporter-output>
        </test-method> <!-- quit -->
      </class> <!-- Tolexo.AppiumAndroid.HomeTest -->
    </test> <!-- Default test -->
  </suite> <!-- Default suite -->
</testng-results>
